[NX Daemon Server] - 2023-12-25T15:09:56.272Z - Started listening on: \\.\pipe\nx\C:\Users\PC_27_~1\AppData\Local\Temp\7a746acb358a17877635\d.sock
[NX Daemon Server] - 2023-12-25T15:09:56.274Z - [WATCHER]: Subscribed to changes within: J:\Projects 3\native\5\host (native)
[NX Daemon Server] - 2023-12-25T15:09:56.288Z - Established a connection. Number of open connections: 1
[NX Daemon Server] - 2023-12-25T15:09:56.290Z - Closed a connection. Number of open connections: 0
[NX Daemon Server] - 2023-12-25T15:09:56.291Z - Established a connection. Number of open connections: 1
[NX Daemon Server] - 2023-12-25T15:09:56.292Z - [REQUEST]: Client Request for Project Graph Received
[NX Daemon Server] - 2023-12-25T15:09:56.294Z - [REQUEST]: Updated workspace context based on watched changes, recomputing project graph...
[NX Daemon Server] - 2023-12-25T15:09:56.294Z - [REQUEST]: 
[NX Daemon Server] - 2023-12-25T15:09:56.294Z - [REQUEST]: 
[NX Daemon Server] - 2023-12-25T15:09:56.479Z - [REQUEST]: Responding to the client. project-graph
[NX Daemon Server] - 2023-12-25T15:09:56.481Z - Time taken for 'total for creating and serializing project graph' 186.117800001055ms
[NX Daemon Server] - 2023-12-25T15:09:56.481Z - Done responding to the client project-graph
[NX Daemon Server] - 2023-12-25T15:09:56.481Z - Handled REQUEST_PROJECT_GRAPH. Handling time: 187. Response time: 2.
[NX Daemon Server] - 2023-12-25T15:09:56.490Z - Closed a connection. Number of open connections: 0
[NX Daemon Server] - 2023-12-25T15:10:05.109Z - Established a connection. Number of open connections: 1
[NX Daemon Server] - 2023-12-25T15:10:05.109Z - Closed a connection. Number of open connections: 0
[NX Daemon Server] - 2023-12-25T15:10:05.110Z - Established a connection. Number of open connections: 1
[NX Daemon Server] - 2023-12-25T15:10:05.112Z - [REQUEST]: Client Request for Project Graph Received
[NX Daemon Server] - 2023-12-25T15:10:05.113Z - [REQUEST]: Responding to the client. project-graph
[NX Daemon Server] - 2023-12-25T15:10:05.115Z - Time taken for 'total for creating and serializing project graph' 0.1924000009894371ms
[NX Daemon Server] - 2023-12-25T15:10:05.115Z - Done responding to the client project-graph
[NX Daemon Server] - 2023-12-25T15:10:05.115Z - Handled REQUEST_PROJECT_GRAPH. Handling time: 1. Response time: 2.
[NX Daemon Server] - 2023-12-25T15:10:05.156Z - [REQUEST]: Responding to the client. handleHashTasks
[NX Daemon Server] - 2023-12-25T15:10:05.156Z - Done responding to the client handleHashTasks
[NX Daemon Server] - 2023-12-25T15:10:05.156Z - Handled HASH_TASKS. Handling time: 12. Response time: 0.
[NX Daemon Server] - 2023-12-25T15:10:05.763Z - Established a connection. Number of open connections: 2
[NX Daemon Server] - 2023-12-25T15:10:05.763Z - Closed a connection. Number of open connections: 1
[NX Daemon Server] - 2023-12-25T15:10:05.764Z - Established a connection. Number of open connections: 2
[NX Daemon Server] - 2023-12-25T15:10:05.766Z - [REQUEST]: Client Request for Project Graph Received
[NX Daemon Server] - 2023-12-25T15:10:05.766Z - [REQUEST]: Responding to the client. project-graph
[NX Daemon Server] - 2023-12-25T15:10:05.768Z - Time taken for 'total for creating and serializing project graph' 0.15450000017881393ms
[NX Daemon Server] - 2023-12-25T15:10:05.768Z - Done responding to the client project-graph
[NX Daemon Server] - 2023-12-25T15:10:05.768Z - Handled REQUEST_PROJECT_GRAPH. Handling time: 0. Response time: 2.
[NX Daemon Server] - 2023-12-25T15:10:06.729Z - Closed a connection. Number of open connections: 1
[NX Daemon Server] - 2023-12-25T15:10:06.746Z - [REQUEST]: Responding to the client. recordOutputsHash
[NX Daemon Server] - 2023-12-25T15:10:06.746Z - Done responding to the client recordOutputsHash
[NX Daemon Server] - 2023-12-25T15:10:06.746Z - Handled RECORD_OUTPUTS_HASH. Handling time: 0. Response time: 0.
[NX Daemon Server] - 2023-12-25T15:10:06.757Z - Closed a connection. Number of open connections: 0
[NX Daemon Server] - 2023-12-25T15:19:04.906Z - Established a connection. Number of open connections: 1
[NX Daemon Server] - 2023-12-25T15:19:04.906Z - Closed a connection. Number of open connections: 0
[NX Daemon Server] - 2023-12-25T15:19:04.907Z - Established a connection. Number of open connections: 1
[NX Daemon Server] - 2023-12-25T15:19:04.910Z - [REQUEST]: Client Request for Project Graph Received
[NX Daemon Server] - 2023-12-25T15:19:04.910Z - [REQUEST]: Responding to the client. project-graph
[NX Daemon Server] - 2023-12-25T15:19:04.912Z - Time taken for 'total for creating and serializing project graph' 0.16610000282526016ms
[NX Daemon Server] - 2023-12-25T15:19:04.912Z - Done responding to the client project-graph
[NX Daemon Server] - 2023-12-25T15:19:04.912Z - Handled REQUEST_PROJECT_GRAPH. Handling time: 1. Response time: 2.
[NX Daemon Server] - 2023-12-25T15:19:04.944Z - [REQUEST]: Responding to the client. handleHashTasks
[NX Daemon Server] - 2023-12-25T15:19:04.944Z - Done responding to the client handleHashTasks
[NX Daemon Server] - 2023-12-25T15:19:04.944Z - Handled HASH_TASKS. Handling time: 5. Response time: 0.
[NX Daemon Server] - 2023-12-25T15:19:05.548Z - Established a connection. Number of open connections: 2
[NX Daemon Server] - 2023-12-25T15:19:05.548Z - Closed a connection. Number of open connections: 1
[NX Daemon Server] - 2023-12-25T15:19:05.549Z - Established a connection. Number of open connections: 2
[NX Daemon Server] - 2023-12-25T15:19:05.551Z - [REQUEST]: Client Request for Project Graph Received
[NX Daemon Server] - 2023-12-25T15:19:05.551Z - [REQUEST]: Responding to the client. project-graph
[NX Daemon Server] - 2023-12-25T15:19:05.554Z - Time taken for 'total for creating and serializing project graph' 0.2582000009715557ms
[NX Daemon Server] - 2023-12-25T15:19:05.554Z - Done responding to the client project-graph
[NX Daemon Server] - 2023-12-25T15:19:05.554Z - Handled REQUEST_PROJECT_GRAPH. Handling time: 0. Response time: 3.
[NX Daemon Server] - 2023-12-25T15:19:06.682Z - [WATCHER]: Processing file changes in outputs
[NX Daemon Server] - 2023-12-25T15:19:08.056Z - [WATCHER]: Processing file changes in outputs
[NX Daemon Server] - 2023-12-25T15:19:09.147Z - [WATCHER]: Processing file changes in outputs
[NX Daemon Server] - 2023-12-25T15:19:10.321Z - [WATCHER]: Processing file changes in outputs
[NX Daemon Server] - 2023-12-25T15:19:10.350Z - Closed a connection. Number of open connections: 1
[NX Daemon Server] - 2023-12-25T15:19:10.390Z - [REQUEST]: Responding to the client. recordOutputsHash
[NX Daemon Server] - 2023-12-25T15:19:10.390Z - Done responding to the client recordOutputsHash
[NX Daemon Server] - 2023-12-25T15:19:10.390Z - Handled RECORD_OUTPUTS_HASH. Handling time: 3. Response time: 0.
[NX Daemon Server] - 2023-12-25T15:19:10.439Z - Closed a connection. Number of open connections: 0
[NX Daemon Server] - 2023-12-25T15:32:22.329Z - Started listening on: \\.\pipe\nx\C:\Users\PC_27_~1\AppData\Local\Temp\7a746acb358a17877635\d.sock
[NX Daemon Server] - 2023-12-25T15:32:22.332Z - [WATCHER]: Subscribed to changes within: j:\Projects 3\native\5\host (native)
[NX Daemon Server] - 2023-12-25T15:32:22.344Z - Established a connection. Number of open connections: 1
[NX Daemon Server] - 2023-12-25T15:32:22.346Z - Closed a connection. Number of open connections: 0
[NX Daemon Server] - 2023-12-25T15:32:22.346Z - Established a connection. Number of open connections: 1
[NX Daemon Server] - 2023-12-25T15:32:22.348Z - [REQUEST]: Client Request for Project Graph Received
[NX Daemon Server] - 2023-12-25T15:32:22.349Z - [REQUEST]: Updated workspace context based on watched changes, recomputing project graph...
[NX Daemon Server] - 2023-12-25T15:32:22.349Z - [REQUEST]: 
[NX Daemon Server] - 2023-12-25T15:32:22.349Z - [REQUEST]: 
[NX Daemon Server] - 2023-12-25T15:32:22.460Z - [REQUEST]: Responding to the client. project-graph
[NX Daemon Server] - 2023-12-25T15:32:22.462Z - Time taken for 'total for creating and serializing project graph' 112.38520000129938ms
[NX Daemon Server] - 2023-12-25T15:32:22.463Z - Done responding to the client project-graph
[NX Daemon Server] - 2023-12-25T15:32:22.463Z - Handled REQUEST_PROJECT_GRAPH. Handling time: 112. Response time: 3.
[NX Daemon Server] - 2023-12-25T15:32:22.467Z - Closed a connection. Number of open connections: 0
[NX Daemon Server] - 2023-12-25T15:32:22.468Z - Established a connection. Number of open connections: 1
[NX Daemon Server] - 2023-12-25T15:32:22.468Z - Closed a connection. Number of open connections: 0
[NX Daemon Server] - 2023-12-25T15:32:22.468Z - Established a connection. Number of open connections: 1
[NX Daemon Server] - 2023-12-25T15:32:22.470Z - [REQUEST]: Responding to the client. handleRequestFileData
[NX Daemon Server] - 2023-12-25T15:32:22.470Z - Done responding to the client handleRequestFileData
[NX Daemon Server] - 2023-12-25T15:32:22.470Z - Handled REQUEST_FILE_DATA. Handling time: 0. Response time: 0.
[NX Daemon Server] - 2023-12-25T15:32:44.846Z - Established a connection. Number of open connections: 2
[NX Daemon Server] - 2023-12-25T15:32:44.846Z - Closed a connection. Number of open connections: 1
[NX Daemon Server] - 2023-12-25T15:32:44.847Z - Established a connection. Number of open connections: 2
[NX Daemon Server] - 2023-12-25T15:32:44.850Z - [REQUEST]: Client Request for Project Graph Received
[NX Daemon Server] - 2023-12-25T15:32:44.850Z - [REQUEST]: Responding to the client. project-graph
[NX Daemon Server] - 2023-12-25T15:32:44.851Z - Time taken for 'total for creating and serializing project graph' 0.18930000066757202ms
[NX Daemon Server] - 2023-12-25T15:32:44.851Z - Done responding to the client project-graph
[NX Daemon Server] - 2023-12-25T15:32:44.851Z - Handled REQUEST_PROJECT_GRAPH. Handling time: 0. Response time: 1.
[NX Daemon Server] - 2023-12-25T15:32:44.888Z - [REQUEST]: Responding to the client. handleHashTasks
[NX Daemon Server] - 2023-12-25T15:32:44.888Z - Done responding to the client handleHashTasks
[NX Daemon Server] - 2023-12-25T15:32:44.888Z - Handled HASH_TASKS. Handling time: 11. Response time: 0.
[NX Daemon Server] - 2023-12-25T15:32:45.481Z - Established a connection. Number of open connections: 3
[NX Daemon Server] - 2023-12-25T15:32:45.482Z - Closed a connection. Number of open connections: 2
[NX Daemon Server] - 2023-12-25T15:32:45.482Z - Established a connection. Number of open connections: 3
[NX Daemon Server] - 2023-12-25T15:32:45.484Z - [REQUEST]: Client Request for Project Graph Received
[NX Daemon Server] - 2023-12-25T15:32:45.485Z - [REQUEST]: Responding to the client. project-graph
[NX Daemon Server] - 2023-12-25T15:32:45.486Z - Time taken for 'total for creating and serializing project graph' 0.18850000202655792ms
[NX Daemon Server] - 2023-12-25T15:32:45.486Z - Done responding to the client project-graph
[NX Daemon Server] - 2023-12-25T15:32:45.486Z - Handled REQUEST_PROJECT_GRAPH. Handling time: 1. Response time: 1.
[NX Daemon Server] - 2023-12-25T15:32:47.917Z - [WATCHER]: Processing file changes in outputs
[NX Daemon Server] - 2023-12-25T15:32:50.204Z - [WATCHER]: Processing file changes in outputs
[NX Daemon Server] - 2023-12-25T15:33:00.057Z - Closed a connection. Number of open connections: 2
[NX Daemon Server] - 2023-12-25T15:33:00.058Z - Closed a connection. Number of open connections: 1
[NX Daemon Server] - 2023-12-25T15:33:30.241Z - [WATCHER]: apps/host/src/assets/federation.manifest — копия.json was created or restored
[NX Daemon Server] - 2023-12-25T15:33:30.241Z - [WATCHER]: Processing file changes in outputs
[NX Daemon Server] - 2023-12-25T15:33:30.351Z - [REQUEST]: Updated workspace context based on watched changes, recomputing project graph...
[NX Daemon Server] - 2023-12-25T15:33:30.351Z - [REQUEST]: apps/host/src/assets/federation.manifest — копия.json
[NX Daemon Server] - 2023-12-25T15:33:30.351Z - [REQUEST]: 
[NX Daemon Server] - 2023-12-25T15:33:30.399Z - Time taken for 'hash changed files from watcher' 0.9501999989151955ms
[NX Daemon Server] - 2023-12-25T15:34:04.579Z - [WATCHER]: Processing file changes in outputs
[NX Daemon Server] - 2023-12-25T15:34:04.580Z - [WATCHER]: apps/host/src/assets/federation.manifest.json was modified
[NX Daemon Server] - 2023-12-25T15:34:04.791Z - [REQUEST]: Updated workspace context based on watched changes, recomputing project graph...
[NX Daemon Server] - 2023-12-25T15:34:04.792Z - [REQUEST]: apps/host/src/assets/federation.manifest.json
[NX Daemon Server] - 2023-12-25T15:34:04.792Z - [REQUEST]: 
[NX Daemon Server] - 2023-12-25T15:34:04.828Z - Time taken for 'hash changed files from watcher' 5.7396000027656555ms
[NX Daemon Server] - 2023-12-25T15:34:19.351Z - Established a connection. Number of open connections: 2
[NX Daemon Server] - 2023-12-25T15:34:19.351Z - Closed a connection. Number of open connections: 1
[NX Daemon Server] - 2023-12-25T15:34:19.352Z - Established a connection. Number of open connections: 2
[NX Daemon Server] - 2023-12-25T15:34:19.355Z - [REQUEST]: Client Request for Project Graph Received
[NX Daemon Server] - 2023-12-25T15:34:19.355Z - [REQUEST]: Responding to the client. project-graph
[NX Daemon Server] - 2023-12-25T15:34:19.356Z - Time taken for 'total for creating and serializing project graph' 0.13580000028014183ms
[NX Daemon Server] - 2023-12-25T15:34:19.356Z - Done responding to the client project-graph
[NX Daemon Server] - 2023-12-25T15:34:19.356Z - Handled REQUEST_PROJECT_GRAPH. Handling time: 0. Response time: 1.
[NX Daemon Server] - 2023-12-25T15:34:19.392Z - [REQUEST]: Responding to the client. handleHashTasks
[NX Daemon Server] - 2023-12-25T15:34:19.392Z - Done responding to the client handleHashTasks
[NX Daemon Server] - 2023-12-25T15:34:19.392Z - Handled HASH_TASKS. Handling time: 10. Response time: 0.
[NX Daemon Server] - 2023-12-25T15:34:19.993Z - Established a connection. Number of open connections: 3
[NX Daemon Server] - 2023-12-25T15:34:19.993Z - Closed a connection. Number of open connections: 2
[NX Daemon Server] - 2023-12-25T15:34:19.994Z - Established a connection. Number of open connections: 3
[NX Daemon Server] - 2023-12-25T15:34:19.996Z - [REQUEST]: Client Request for Project Graph Received
[NX Daemon Server] - 2023-12-25T15:34:19.996Z - [REQUEST]: Responding to the client. project-graph
[NX Daemon Server] - 2023-12-25T15:34:19.997Z - Time taken for 'total for creating and serializing project graph' 0.12730000168085098ms
[NX Daemon Server] - 2023-12-25T15:34:19.998Z - Done responding to the client project-graph
[NX Daemon Server] - 2023-12-25T15:34:19.998Z - Handled REQUEST_PROJECT_GRAPH. Handling time: 0. Response time: 2.
[NX Daemon Server] - 2023-12-25T15:34:22.469Z - [WATCHER]: Processing file changes in outputs
[NX Daemon Server] - 2023-12-25T15:34:24.642Z - [WATCHER]: Processing file changes in outputs
[NX Daemon Server] - 2023-12-25T15:35:50.255Z - Closed a connection. Number of open connections: 2
[NX Daemon Server] - 2023-12-25T15:35:50.255Z - Closed a connection. Number of open connections: 1
[NX Daemon Server] - 2023-12-25T15:36:03.810Z - Established a connection. Number of open connections: 2
[NX Daemon Server] - 2023-12-25T15:36:03.810Z - Closed a connection. Number of open connections: 1
[NX Daemon Server] - 2023-12-25T15:36:03.812Z - Established a connection. Number of open connections: 2
[NX Daemon Server] - 2023-12-25T15:36:03.815Z - [REQUEST]: Client Request for Project Graph Received
[NX Daemon Server] - 2023-12-25T15:36:03.815Z - [REQUEST]: Responding to the client. project-graph
[NX Daemon Server] - 2023-12-25T15:36:03.816Z - Time taken for 'total for creating and serializing project graph' 0.17870000004768372ms
[NX Daemon Server] - 2023-12-25T15:36:03.817Z - Done responding to the client project-graph
[NX Daemon Server] - 2023-12-25T15:36:03.817Z - Handled REQUEST_PROJECT_GRAPH. Handling time: 0. Response time: 2.
[NX Daemon Server] - 2023-12-25T15:36:03.847Z - [REQUEST]: Responding to the client. handleHashTasks
[NX Daemon Server] - 2023-12-25T15:36:03.847Z - Done responding to the client handleHashTasks
[NX Daemon Server] - 2023-12-25T15:36:03.847Z - Handled HASH_TASKS. Handling time: 3. Response time: 0.
[NX Daemon Server] - 2023-12-25T15:36:04.449Z - Established a connection. Number of open connections: 3
[NX Daemon Server] - 2023-12-25T15:36:04.450Z - Closed a connection. Number of open connections: 2
[NX Daemon Server] - 2023-12-25T15:36:04.450Z - Established a connection. Number of open connections: 3
[NX Daemon Server] - 2023-12-25T15:36:04.452Z - [REQUEST]: Client Request for Project Graph Received
[NX Daemon Server] - 2023-12-25T15:36:04.453Z - [REQUEST]: Responding to the client. project-graph
[NX Daemon Server] - 2023-12-25T15:36:04.454Z - Time taken for 'total for creating and serializing project graph' 0.14809999987483025ms
[NX Daemon Server] - 2023-12-25T15:36:04.454Z - Done responding to the client project-graph
[NX Daemon Server] - 2023-12-25T15:36:04.454Z - Handled REQUEST_PROJECT_GRAPH. Handling time: 1. Response time: 1.
[NX Daemon Server] - 2023-12-25T15:36:05.569Z - [WATCHER]: Processing file changes in outputs
[NX Daemon Server] - 2023-12-25T15:36:06.914Z - [WATCHER]: Processing file changes in outputs
[NX Daemon Server] - 2023-12-25T15:36:07.974Z - [WATCHER]: Processing file changes in outputs
[NX Daemon Server] - 2023-12-25T15:36:09.172Z - [WATCHER]: Processing file changes in outputs
[NX Daemon Server] - 2023-12-25T15:36:09.184Z - Closed a connection. Number of open connections: 2
[NX Daemon Server] - 2023-12-25T15:36:09.225Z - [REQUEST]: Responding to the client. recordOutputsHash
[NX Daemon Server] - 2023-12-25T15:36:09.226Z - Done responding to the client recordOutputsHash
[NX Daemon Server] - 2023-12-25T15:36:09.226Z - Handled RECORD_OUTPUTS_HASH. Handling time: 2. Response time: 1.
[NX Daemon Server] - 2023-12-25T15:36:09.282Z - Closed a connection. Number of open connections: 1
[NX Daemon Server] - 2023-12-25T15:36:27.613Z - [WATCHER]: Processing file changes in outputs
[NX Daemon Server] - 2023-12-25T15:36:37.789Z - Established a connection. Number of open connections: 2
[NX Daemon Server] - 2023-12-25T15:36:37.790Z - Closed a connection. Number of open connections: 1
[NX Daemon Server] - 2023-12-25T15:36:37.791Z - Established a connection. Number of open connections: 2
[NX Daemon Server] - 2023-12-25T15:36:37.793Z - [REQUEST]: Client Request for Project Graph Received
[NX Daemon Server] - 2023-12-25T15:36:37.794Z - [REQUEST]: Responding to the client. project-graph
[NX Daemon Server] - 2023-12-25T15:36:37.795Z - Time taken for 'total for creating and serializing project graph' 0.18309999629855156ms
[NX Daemon Server] - 2023-12-25T15:36:37.796Z - Done responding to the client project-graph
[NX Daemon Server] - 2023-12-25T15:36:37.796Z - Handled REQUEST_PROJECT_GRAPH. Handling time: 1. Response time: 2.
[NX Daemon Server] - 2023-12-25T15:36:37.825Z - [REQUEST]: Responding to the client. handleHashTasks
[NX Daemon Server] - 2023-12-25T15:36:37.825Z - Done responding to the client handleHashTasks
[NX Daemon Server] - 2023-12-25T15:36:37.825Z - Handled HASH_TASKS. Handling time: 3. Response time: 0.
[NX Daemon Server] - 2023-12-25T15:36:37.862Z - [REQUEST]: Responding to the client. outputsHashesMatch
[NX Daemon Server] - 2023-12-25T15:36:37.862Z - Done responding to the client outputsHashesMatch
[NX Daemon Server] - 2023-12-25T15:36:37.862Z - Handled OUTPUTS_HASHES_MATCH. Handling time: 1. Response time: 0.
[NX Daemon Server] - 2023-12-25T15:36:37.899Z - [REQUEST]: Responding to the client. recordOutputsHash
[NX Daemon Server] - 2023-12-25T15:36:37.899Z - Done responding to the client recordOutputsHash
[NX Daemon Server] - 2023-12-25T15:36:37.899Z - Handled RECORD_OUTPUTS_HASH. Handling time: 3. Response time: 0.
[NX Daemon Server] - 2023-12-25T15:36:37.909Z - Closed a connection. Number of open connections: 1
[NX Daemon Server] - 2023-12-25T15:36:37.928Z - [WATCHER]: Processing file changes in outputs
[NX Daemon Server] - 2023-12-26T08:33:28.827Z - Started listening on: \\.\pipe\nx\C:\Users\PC_27_~1\AppData\Local\Temp\7a746acb358a17877635\d.sock
[NX Daemon Server] - 2023-12-26T08:33:28.841Z - [WATCHER]: Subscribed to changes within: j:\Projects 3\native\5\host (native)
[NX Daemon Server] - 2023-12-26T08:33:28.842Z - Established a connection. Number of open connections: 1
[NX Daemon Server] - 2023-12-26T08:33:28.843Z - Established a connection. Number of open connections: 2
[NX Daemon Server] - 2023-12-26T08:33:28.846Z - Closed a connection. Number of open connections: 1
[NX Daemon Server] - 2023-12-26T08:33:28.848Z - [REQUEST]: Client Request for Project Graph Received
[NX Daemon Server] - 2023-12-26T08:33:28.856Z - [REQUEST]: Updated workspace context based on watched changes, recomputing project graph...
[NX Daemon Server] - 2023-12-26T08:33:28.856Z - [REQUEST]: 
[NX Daemon Server] - 2023-12-26T08:33:28.856Z - [REQUEST]: 
[NX Daemon Server] - 2023-12-26T08:33:29.537Z - [REQUEST]: Responding to the client. project-graph
[NX Daemon Server] - 2023-12-26T08:33:29.539Z - Time taken for 'total for creating and serializing project graph' 689.3225000053644ms
[NX Daemon Server] - 2023-12-26T08:33:29.539Z - Done responding to the client project-graph
[NX Daemon Server] - 2023-12-26T08:33:29.539Z - Handled REQUEST_PROJECT_GRAPH. Handling time: 689. Response time: 2.
[NX Daemon Server] - 2023-12-26T08:33:29.543Z - Closed a connection. Number of open connections: 0
[NX Daemon Server] - 2023-12-26T08:33:29.544Z - Established a connection. Number of open connections: 1
[NX Daemon Server] - 2023-12-26T08:33:29.544Z - Closed a connection. Number of open connections: 0
[NX Daemon Server] - 2023-12-26T08:33:29.544Z - Established a connection. Number of open connections: 1
[NX Daemon Server] - 2023-12-26T08:33:29.546Z - [REQUEST]: Responding to the client. handleRequestFileData
[NX Daemon Server] - 2023-12-26T08:33:29.546Z - Done responding to the client handleRequestFileData
[NX Daemon Server] - 2023-12-26T08:33:29.546Z - Handled REQUEST_FILE_DATA. Handling time: 0. Response time: 0.
[NX Daemon Server] - 2023-12-26T08:33:43.747Z - [WATCHER]: Processing file changes in outputs
[NX Daemon Server] - 2023-12-26T08:33:43.749Z - [WATCHER]: apps/host/src/app/app.component.ts was modified
[NX Daemon Server] - 2023-12-26T08:33:43.864Z - [REQUEST]: Updated workspace context based on watched changes, recomputing project graph...
[NX Daemon Server] - 2023-12-26T08:33:43.864Z - [REQUEST]: apps/host/src/app/app.component.ts
[NX Daemon Server] - 2023-12-26T08:33:43.864Z - [REQUEST]: 
[NX Daemon Server] - 2023-12-26T08:33:43.914Z - Time taken for 'hash changed files from watcher' 7.95100000500679ms
[NX Daemon Server] - 2023-12-26T09:01:01.817Z - [WATCHER]: Processing file changes in outputs
[NX Daemon Server] - 2023-12-26T09:01:01.818Z - [WATCHER]: apps/host/src/app/app.component.ts was modified
[NX Daemon Server] - 2023-12-26T09:01:02.034Z - [REQUEST]: Updated workspace context based on watched changes, recomputing project graph...
[NX Daemon Server] - 2023-12-26T09:01:02.034Z - [REQUEST]: apps/host/src/app/app.component.ts
[NX Daemon Server] - 2023-12-26T09:01:02.035Z - [REQUEST]: 
[NX Daemon Server] - 2023-12-26T09:01:02.072Z - Time taken for 'hash changed files from watcher' 9.864700004458427ms
